<?xml version="1.0" encoding="UTF-8"?>
<testng-results ignored="0" total="3" passed="3" failed="0" skipped="0">
  <reporter-output>
  </reporter-output>
  <suite started-at="2026-04-03T14:09:32 EDT" name="Zoho Suite" finished-at="2026-04-03T14:11:35 EDT" duration-ms="122280">
    <groups>
    </groups>
    <test started-at="2026-04-03T14:09:32 EDT" name="Zoho Test" finished-at="2026-04-03T14:11:35 EDT" duration-ms="122280">
      <class name="testcases.LoginTest">
        <test-method is-config="true" signature="setUp()[pri:0, instance:testcases.LoginTest@235834f2]" started-at="2026-04-03T14:09:33 EDT" name="setUp" finished-at="2026-04-03T14:09:56 EDT" duration-ms="22373" status="PASS">
          <reporter-output>
          </reporter-output>
        </test-method> <!-- setUp -->
        <test-method signature="loginUser(java.lang.String,java.lang.String,java.lang.String)[pri:0, instance:testcases.LoginTest@235834f2]" started-at="2026-04-03T14:09:56 EDT" name="loginUser" data-provider="loginData" finished-at="2026-04-03T14:10:10 EDT" duration-ms="13910" status="PASS">
          <params>
            <param index="0">
              <value>
                <![CDATA[rachanapoudel7@gmail.com]]>
              </value>
            </param>
            <param index="1">
              <value>
                <![CDATA[Hoep4best77]]>
              </value>
            </param>
            <param index="2">
              <value>
                <![CDATA[Invalidemail]]>
              </value>
            </param>
          </params>
          <reporter-output>
          </reporter-output>
        </test-method> <!-- loginUser -->
        <test-method is-config="true" signature="tearDown()[pri:0, instance:testcases.LoginTest@235834f2]" started-at="2026-04-03T14:10:10 EDT" name="tearDown" finished-at="2026-04-03T14:10:10 EDT" duration-ms="204" status="PASS">
          <reporter-output>
          </reporter-output>
        </test-method> <!-- tearDown -->
        <test-method is-config="true" signature="setUp()[pri:0, instance:testcases.LoginTest@235834f2]" started-at="2026-04-03T14:10:10 EDT" name="setUp" finished-at="2026-04-03T14:10:32 EDT" duration-ms="21895" status="PASS">
          <reporter-output>
          </reporter-output>
        </test-method> <!-- setUp -->
        <test-method signature="loginUser(java.lang.String,java.lang.String,java.lang.String)[pri:0, instance:testcases.LoginTest@235834f2]" started-at="2026-04-03T14:10:32 EDT" name="loginUser" data-provider="loginData" finished-at="2026-04-03T14:10:55 EDT" duration-ms="23218" status="PASS">
          <params>
            <param index="0">
              <value>
                <![CDATA[rachanapoudel777@gmail.com]]>
              </value>
            </param>
            <param index="1">
              <value>
                <![CDATA[(Hope4best77ZO)]]>
              </value>
            </param>
            <param index="2">
              <value>
                <![CDATA[Success]]>
              </value>
            </param>
          </params>
          <reporter-output>
          </reporter-output>
        </test-method> <!-- loginUser -->
        <test-method is-config="true" signature="tearDown()[pri:0, instance:testcases.LoginTest@235834f2]" started-at="2026-04-03T14:10:55 EDT" name="tearDown" finished-at="2026-04-03T14:10:55 EDT" duration-ms="349" status="PASS">
          <reporter-output>
          </reporter-output>
        </test-method> <!-- tearDown -->
        <test-method is-config="true" signature="setUp()[pri:0, instance:testcases.LoginTest@235834f2]" started-at="2026-04-03T14:10:55 EDT" name="setUp" finished-at="2026-04-03T14:11:21 EDT" duration-ms="25161" status="PASS">
          <reporter-output>
          </reporter-output>
        </test-method> <!-- setUp -->
        <test-method signature="loginUser(java.lang.String,java.lang.String,java.lang.String)[pri:0, instance:testcases.LoginTest@235834f2]" started-at="2026-04-03T14:11:21 EDT" name="loginUser" data-provider="loginData" finished-at="2026-04-03T14:11:34 EDT" duration-ms="13088" status="PASS">
          <params>
            <param index="0">
              <value>
                <![CDATA[rachanapoudel777@gmail.com]]>
              </value>
            </param>
            <param index="1">
              <value>
                <![CDATA[Hoep4best75]]>
              </value>
            </param>
            <param index="2">
              <value>
                <![CDATA[Invalidpassword]]>
              </value>
            </param>
          </params>
          <reporter-output>
          </reporter-output>
        </test-method> <!-- loginUser -->
        <test-method is-config="true" signature="tearDown()[pri:0, instance:testcases.LoginTest@235834f2]" started-at="2026-04-03T14:11:34 EDT" name="tearDown" finished-at="2026-04-03T14:11:34 EDT" duration-ms="818" status="PASS">
          <reporter-output>
          </reporter-output>
        </test-method> <!-- tearDown -->
      </class> <!-- testcases.LoginTest -->
    </test> <!-- Zoho Test -->
  </suite> <!-- Zoho Suite -->
</testng-results>
