<?xml version="1.0" encoding="UTF-8"?>
<!-- Generated by org.testng.reporters.JUnitReportReporter -->
<testsuite hostname="Mac" failures="0" tests="3" name="testcases.LoginTest" time="121.016" errors="0" timestamp="2026-04-03T14:11:35 EDT" skipped="0">
  <testcase classname="testcases.LoginTest" name="loginUser" time="36.279"/>
  <testcase classname="testcases.LoginTest" name="loginUser" time="36.009"/>
  <testcase classname="testcases.LoginTest" name="loginUser" time="48.728"/>
</testsuite> <!-- testcases.LoginTest -->
