<?xml version="1.0" encoding="UTF-8"?>
<!-- Generated by org.testng.reporters.JUnitXMLReporter -->
<testsuite ignored="0" hostname="Mac" failures="0" tests="3" name="Zoho Test" time="122.28" errors="0" timestamp="2026-04-03T14:11:35 EDT">
  <testcase classname="testcases.LoginTest" name="loginUser" time="13.91"/>
  <testcase classname="testcases.LoginTest" name="loginUser" time="23.218"/>
  <testcase classname="testcases.LoginTest" name="loginUser" time="13.088"/>
</testsuite> <!-- Zoho Test -->
